ERROR: node with name "rabbit" already running on "FINDINSHOP"
ERROR: node with name "rabbit" already running on "FINDINSHOP"
ERROR: node with name "rabbit" already running on "FINDINSHOP"
ERROR: node with name "rabbit" already running on "FINDINSHOP"

              RabbitMQ 3.5.7. Copyright (C) 2007-2015 Pivotal Software, Inc.
  ##  ##      Licensed under the MPL.  See http://www.rabbitmq.com/
  ##  ##
  ##########  Logs: /var/log/rabbitmq/rabbit@FINDINSHOP.log
  ######  ##        /var/log/rabbitmq/rabbit@FINDINSHOP-sasl.log
  ##########
              Starting broker... completed with 0 plugins.
ERROR: node with name "rabbit" already running on "FINDINSHOP"
ERROR: node with name "rabbit" already running on "FINDINSHOP"
ERROR: node with name "rabbit" already running on "FINDINSHOP"
ERROR: node with name "rabbit" already running on "FINDINSHOP"
ERROR: node with name "rabbit" already running on "FINDINSHOP"
ERROR: node with name "rabbit" already running on "FINDINSHOP"
ERROR: node with name "rabbit" already running on "FINDINSHOP"
ERROR: node with name "rabbit" already running on "FINDINSHOP"
ERROR: node with name "rabbit" already running on "FINDINSHOP"
ERROR: node with name "rabbit" already running on "FINDINSHOP"
ERROR: node with name "rabbit" already running on "FINDINSHOP"
ERROR: node with name "rabbit" already running on "FINDINSHOP"
ERROR: node with name "rabbit" already running on "FINDINSHOP"
ERROR: node with name "rabbit" already running on "FINDINSHOP"
ERROR: node with name "rabbit" already running on "FINDINSHOP"
ERROR: node with name "rabbit" already running on "FINDINSHOP"
ERROR: node with name "rabbit" already running on "FINDINSHOP"
ERROR: node with name "rabbit" already running on "FINDINSHOP"
ERROR: node with name "rabbit" already running on "FINDINSHOP"
ERROR: node with name "rabbit" already running on "FINDINSHOP"
ERROR: node with name "rabbit" already running on "FINDINSHOP"
ERROR: node with name "rabbit" already running on "FINDINSHOP"
ERROR: node with name "rabbit" already running on "FINDINSHOP"
ERROR: node with name "rabbit" already running on "FINDINSHOP"
ERROR: node with name "rabbit" already running on "FINDINSHOP"
ERROR: node with name "rabbit" already running on "FINDINSHOP"
ERROR: node with name "rabbit" already running on "FINDINSHOP"
ERROR: node with name "rabbit" already running on "FINDINSHOP"
ERROR: node with name "rabbit" already running on "FINDINSHOP"
ERROR: node with name "rabbit" already running on "FINDINSHOP"
ERROR: node with name "rabbit" already running on "FINDINSHOP"
ERROR: node with name "rabbit" already running on "FINDINSHOP"
ERROR: node with name "rabbit" already running on "FINDINSHOP"
ERROR: node with name "rabbit" already running on "FINDINSHOP"
ERROR: node with name "rabbit" already running on "FINDINSHOP"
ERROR: node with name "rabbit" already running on "FINDINSHOP"
ERROR: node with name "rabbit" already running on "FINDINSHOP"
ERROR: node with name "rabbit" already running on "FINDINSHOP"
ERROR: node with name "rabbit" already running on "FINDINSHOP"
ERROR: node with name "rabbit" already running on "FINDINSHOP"
ERROR: node with name "rabbit" already running on "FINDINSHOP"
ERROR: node with name "rabbit" already running on "FINDINSHOP"
ERROR: node with name "rabbit" already running on "FINDINSHOP"
ERROR: node with name "rabbit" already running on "FINDINSHOP"
ERROR: node with name "rabbit" already running on "FINDINSHOP"
ERROR: node with name "rabbit" already running on "FINDINSHOP"
ERROR: node with name "rabbit" already running on "FINDINSHOP"
ERROR: node with name "rabbit" already running on "FINDINSHOP"
ERROR: node with name "rabbit" already running on "FINDINSHOP"
ERROR: node with name "rabbit" already running on "FINDINSHOP"
ERROR: node with name "rabbit" already running on "FINDINSHOP"
ERROR: node with name "rabbit" already running on "FINDINSHOP"
ERROR: node with name "rabbit" already running on "FINDINSHOP"
ERROR: node with name "rabbit" already running on "FINDINSHOP"
ERROR: node with name "rabbit" already running on "FINDINSHOP"
ERROR: node with name "rabbit" already running on "FINDINSHOP"
ERROR: node with name "rabbit" already running on "FINDINSHOP"
ERROR: node with name "rabbit" already running on "FINDINSHOP"
ERROR: node with name "rabbit" already running on "FINDINSHOP"
ERROR: node with name "rabbit" already running on "FINDINSHOP"
ERROR: node with name "rabbit" already running on "FINDINSHOP"
ERROR: node with name "rabbit" already running on "FINDINSHOP"
ERROR: node with name "rabbit" already running on "FINDINSHOP"
ERROR: node with name "rabbit" already running on "FINDINSHOP"
ERROR: node with name "rabbit" already running on "FINDINSHOP"
ERROR: node with name "rabbit" already running on "FINDINSHOP"
ERROR: node with name "rabbit" already running on "FINDINSHOP"
ERROR: node with name "rabbit" already running on "FINDINSHOP"
ERROR: node with name "rabbit" already running on "FINDINSHOP"
ERROR: node with name "rabbit" already running on "FINDINSHOP"
ERROR: node with name "rabbit" already running on "FINDINSHOP"
ERROR: node with name "rabbit" already running on "FINDINSHOP"
ERROR: node with name "rabbit" already running on "FINDINSHOP"
ERROR: node with name "rabbit" already running on "FINDINSHOP"
ERROR: node with name "rabbit" already running on "FINDINSHOP"
ERROR: node with name "rabbit" already running on "FINDINSHOP"
ERROR: node with name "rabbit" already running on "FINDINSHOP"
ERROR: node with name "rabbit" already running on "FINDINSHOP"
ERROR: node with name "rabbit" already running on "FINDINSHOP"
ERROR: node with name "rabbit" already running on "FINDINSHOP"
ERROR: node with name "rabbit" already running on "FINDINSHOP"
ERROR: node with name "rabbit" already running on "FINDINSHOP"
ERROR: node with name "rabbit" already running on "FINDINSHOP"
ERROR: node with name "rabbit" already running on "FINDINSHOP"
ERROR: node with name "rabbit" already running on "FINDINSHOP"
ERROR: node with name "rabbit" already running on "FINDINSHOP"
ERROR: node with name "rabbit" already running on "FINDINSHOP"
ERROR: node with name "rabbit" already running on "FINDINSHOP"
ERROR: node with name "rabbit" already running on "FINDINSHOP"
ERROR: node with name "rabbit" already running on "FINDINSHOP"
ERROR: node with name "rabbit" already running on "FINDINSHOP"
ERROR: node with name "rabbit" already running on "FINDINSHOP"
ERROR: node with name "rabbit" already running on "FINDINSHOP"
ERROR: node with name "rabbit" already running on "FINDINSHOP"
ERROR: node with name "rabbit" already running on "FINDINSHOP"
ERROR: node with name "rabbit" already running on "FINDINSHOP"
ERROR: node with name "rabbit" already running on "FINDINSHOP"
ERROR: node with name "rabbit" already running on "FINDINSHOP"
ERROR: node with name "rabbit" already running on "FINDINSHOP"
ERROR: node with name "rabbit" already running on "FINDINSHOP"
ERROR: node with name "rabbit" already running on "FINDINSHOP"
ERROR: node with name "rabbit" already running on "FINDINSHOP"
ERROR: node with name "rabbit" already running on "FINDINSHOP"
ERROR: node with name "rabbit" already running on "FINDINSHOP"
ERROR: node with name "rabbit" already running on "FINDINSHOP"
ERROR: node with name "rabbit" already running on "FINDINSHOP"
ERROR: node with name "rabbit" already running on "FINDINSHOP"
ERROR: node with name "rabbit" already running on "FINDINSHOP"
ERROR: node with name "rabbit" already running on "FINDINSHOP"
ERROR: node with name "rabbit" already running on "FINDINSHOP"
ERROR: node with name "rabbit" already running on "FINDINSHOP"
ERROR: node with name "rabbit" already running on "FINDINSHOP"
